<?xml version="1.0" encoding="UTF-8"?>
<testsuite xmlns:xsi="http://www.w3.org/2001/XMLSchema-instance" xsi:noNamespaceSchemaLocation="https://maven.apache.org/surefire/maven-surefire-plugin/xsd/surefire-test-report-3.0.xsd" version="3.0" name="com.porterlike.services.booking.service.BookingAssignmentIntegrationTest" time="1.716" tests="5" errors="0" skipped="0" failures="0">
  <properties>
[...]
</properties>
  <testcase name="assignmentSchedulerReschedulesWhenNearbyLookupFails" classname="com.porterlike.services.booking.service.BookingAssignmentIntegrationTest" time="0.118">
    <system-out><![CDATA[2026-04-02T23:20:38.763+05:30  INFO 43091 --- [booking-service] [           main] t.c.s.AnnotationConfigContextLoaderUtils : Could not detect default configuration classes for test class [com.porterlike.services.booking.service.BookingAssignmentIntegrationTest]: BookingAssignmentIntegrationTest does not declare any static, non-private, non-final, nested classes annotated with @Configuration.
2026-04-02T23:20:38.775+05:30  INFO 43091 --- [booking-service] [           main] .b.t.c.SpringBootTestContextBootstrapper : Found @SpringBootConfiguration com.porterlike.services.booking.BookingServiceApplication for test class com.porterlike.services.booking.service.BookingAssignmentIntegrationTest

  .   ____          _            __ _ _
 /\\ / ___'_ __ _ _(_)_ __  __ _ \ \ \ \
( ( )\___ | '_ | '_| | '_ \/ _` | \ \ \ \
 \\/  ___)| |_)| | | | | || (_| |  ) ) ) )
  '  |____| .__|_| |_|_| |_\__, | / / / /
 =========|_|==============|___/=/_/_/_/

 :: Spring Boot ::                (v3.3.4)

2026-04-02T23:20:38.801+05:30  INFO 43091 --- [booking-service] [           main] p.s.b.s.BookingAssignmentIntegrationTest : Starting BookingAssignmentIntegrationTest using Java 21.0.6 with PID 43091 (started by sameergupta in /Users/sameergupta/Documents/GitHub/Shifted/microservices/services/booking-service)
2026-04-02T23:20:38.801+05:30  INFO 43091 --- [booking-service] [           main] p.s.b.s.BookingAssignmentIntegrationTest : No active profile set, falling back to 1 default profile: "default"
2026-04-02T23:20:38.891+05:30  INFO 43091 --- [booking-service] [           main] .s.d.r.c.RepositoryConfigurationDelegate : Multiple Spring Data modules found, entering strict repository configuration mode
2026-04-02T23:20:38.892+05:30  INFO 43091 --- [booking-service] [           main] .s.d.r.c.RepositoryConfigurationDelegate : Bootstrapping Spring Data JPA repositories in DEFAULT mode.
2026-04-02T23:20:38.920+05:30  INFO 43091 --- [booking-service] [           main] .s.d.r.c.RepositoryConfigurationDelegate : Finished Spring Data repository scanning in 17 ms. Found 2 JPA repository interfaces.
2026-04-02T23:20:38.939+05:30  INFO 43091 --- [booking-service] [           main] beddedDataSourceBeanFactoryPostProcessor : Replacing 'dataSource' DataSource bean with embedded version
2026-04-02T23:20:38.965+05:30  INFO 43091 --- [booking-service] [           main] o.s.j.d.e.EmbeddedDatabaseFactory        : Starting embedded database: url='jdbc:h2:mem:e5e3d5e8-8fb5-45f4-9a74-bdc32c669ad4;DB_CLOSE_DELAY=-1;DB_CLOSE_ON_EXIT=false', username='sa'
2026-04-02T23:20:39.126+05:30  INFO 43091 --- [booking-service] [           main] o.hibernate.jpa.internal.util.LogHelper  : HHH000204: Processing PersistenceUnitInfo [name: default]
2026-04-02T23:20:39.167+05:30  INFO 43091 --- [booking-service] [           main] org.hibernate.Version                    : HHH000412: Hibernate ORM core version 6.5.3.Final
2026-04-02T23:20:39.190+05:30  INFO 43091 --- [booking-service] [           main] o.h.c.internal.RegionFactoryInitiator    : HHH000026: Second-level cache disabled
2026-04-02T23:20:39.296+05:30  INFO 43091 --- [booking-service] [           main] o.s.o.j.p.SpringPersistenceUnitInfo      : No LoadTimeWeaver setup: ignoring JPA class transformer
2026-04-02T23:20:39.799+05:30  INFO 43091 --- [booking-service] [           main] o.h.e.t.j.p.i.JtaPlatformInitiator       : HHH000489: No JTA platform available (set 'hibernate.transaction.jta.platform' to enable JTA platform integration)
Hibernate: drop table if exists booking_driver_offers cascade 
Hibernate: drop table if exists bookings cascade 
Hibernate: create table booking_driver_offers (offered_at timestamp(6) with time zone not null, updated_at timestamp(6) with time zone not null, version bigint not null, booking_id uuid not null, driver_id uuid not null, id uuid not null, external_offer_id varchar(100) not null, status enum ('ACCEPTED','EXPIRED','PENDING','REJECTED') not null, primary key (id))
Hibernate: create table bookings (assignment_attempt integer not null, created_at timestamp(6) with time zone not null, next_assignment_at timestamp(6) with time zone, updated_at timestamp(6) with time zone not null, version bigint not null, driver_id uuid, id uuid not null, user_id uuid not null, vehicle_type varchar(30) not null, idempotency_key varchar(80), drop_address varchar(255) not null, pickup varchar(255) not null, status enum ('ASSIGNED','CANCELLED','COMPLETED','CREATED') not null, primary key (id))
2026-04-02T23:20:39.816+05:30  INFO 43091 --- [booking-service] [           main] j.LocalContainerEntityManagerFactoryBean : Initialized JPA EntityManagerFactory for persistence unit 'default'
2026-04-02T23:20:39.953+05:30  INFO 43091 --- [booking-service] [           main] o.s.d.j.r.query.QueryEnhancerFactory     : Hibernate is in classpath; If applicable, HQL parser will be used.
2026-04-02T23:20:40.287+05:30  INFO 43091 --- [booking-service] [           main] p.s.b.s.BookingAssignmentIntegrationTest : Started BookingAssignmentIntegrationTest in 1.508 seconds (process running for 3.683)
Hibernate: insert into bookings (assignment_attempt,created_at,driver_id,drop_address,idempotency_key,next_assignment_at,pickup,status,updated_at,user_id,vehicle_type,version,id) values (?,?,?,?,?,?,?,?,?,?,?,?,?)
Hibernate: select b1_0.id from bookings b1_0 where b1_0.status=? and (b1_0.next_assignment_at is null or b1_0.next_assignment_at<=?) order by b1_0.created_at
Hibernate: select b1_0.id,b1_0.assignment_attempt,b1_0.created_at,b1_0.driver_id,b1_0.drop_address,b1_0.idempotency_key,b1_0.next_assignment_at,b1_0.pickup,b1_0.status,b1_0.updated_at,b1_0.user_id,b1_0.vehicle_type,b1_0.version from bookings b1_0 where b1_0.id=? for update
Hibernate: select bdo1_0.id,bdo1_0.booking_id,bdo1_0.driver_id,bdo1_0.external_offer_id,bdo1_0.offered_at,bdo1_0.status,bdo1_0.updated_at,bdo1_0.version from booking_driver_offers bdo1_0 where bdo1_0.booking_id=? order by bdo1_0.offered_at desc fetch first ? rows only
]]></system-out>
  </testcase>
  <testcase name="assignmentSchedulerReschedulesWhenOfferCallFailsForAllCandidates" classname="com.porterlike.services.booking.service.BookingAssignmentIntegrationTest" time="0.015">
    <system-out><![CDATA[Hibernate: insert into bookings (assignment_attempt,created_at,driver_id,drop_address,idempotency_key,next_assignment_at,pickup,status,updated_at,user_id,vehicle_type,version,id) values (?,?,?,?,?,?,?,?,?,?,?,?,?)
Hibernate: select b1_0.id from bookings b1_0 where b1_0.status=? and (b1_0.next_assignment_at is null or b1_0.next_assignment_at<=?) order by b1_0.created_at
Hibernate: select b1_0.id,b1_0.assignment_attempt,b1_0.created_at,b1_0.driver_id,b1_0.drop_address,b1_0.idempotency_key,b1_0.next_assignment_at,b1_0.pickup,b1_0.status,b1_0.updated_at,b1_0.user_id,b1_0.vehicle_type,b1_0.version from bookings b1_0 where b1_0.id=? for update
Hibernate: select bdo1_0.id,bdo1_0.booking_id,bdo1_0.driver_id,bdo1_0.external_offer_id,bdo1_0.offered_at,bdo1_0.status,bdo1_0.updated_at,bdo1_0.version from booking_driver_offers bdo1_0 where bdo1_0.booking_id=? order by bdo1_0.offered_at desc fetch first ? rows only
Hibernate: select bdo1_0.id from booking_driver_offers bdo1_0 where bdo1_0.booking_id=? and bdo1_0.driver_id=? fetch first ? rows only
Hibernate: select bdo1_0.id from booking_driver_offers bdo1_0 where bdo1_0.booking_id=? and bdo1_0.driver_id=? fetch first ? rows only
Hibernate: select bdo1_0.id,bdo1_0.booking_id,bdo1_0.driver_id,bdo1_0.external_offer_id,bdo1_0.offered_at,bdo1_0.status,bdo1_0.updated_at,bdo1_0.version from booking_driver_offers bdo1_0 where bdo1_0.booking_id=? order by bdo1_0.offered_at desc fetch first ? rows only
]]></system-out>
  </testcase>
  <testcase name="assignmentSchedulerDispatchesPendingOfferToDriverService" classname="com.porterlike.services.booking.service.BookingAssignmentIntegrationTest" time="0.018">
    <system-out><![CDATA[Hibernate: insert into bookings (assignment_attempt,created_at,driver_id,drop_address,idempotency_key,next_assignment_at,pickup,status,updated_at,user_id,vehicle_type,version,id) values (?,?,?,?,?,?,?,?,?,?,?,?,?)
Hibernate: select b1_0.id from bookings b1_0 where b1_0.status=? and (b1_0.next_assignment_at is null or b1_0.next_assignment_at<=?) order by b1_0.created_at
Hibernate: select b1_0.id,b1_0.assignment_attempt,b1_0.created_at,b1_0.driver_id,b1_0.drop_address,b1_0.idempotency_key,b1_0.next_assignment_at,b1_0.pickup,b1_0.status,b1_0.updated_at,b1_0.user_id,b1_0.vehicle_type,b1_0.version from bookings b1_0 where b1_0.id=? for update
Hibernate: select bdo1_0.id,bdo1_0.booking_id,bdo1_0.driver_id,bdo1_0.external_offer_id,bdo1_0.offered_at,bdo1_0.status,bdo1_0.updated_at,bdo1_0.version from booking_driver_offers bdo1_0 where bdo1_0.booking_id=? order by bdo1_0.offered_at desc fetch first ? rows only
Hibernate: select bdo1_0.id from booking_driver_offers bdo1_0 where bdo1_0.booking_id=? and bdo1_0.driver_id=? fetch first ? rows only
Hibernate: insert into booking_driver_offers (booking_id,driver_id,external_offer_id,offered_at,status,updated_at,version,id) values (?,?,?,?,?,?,?,?)
Hibernate: update bookings set assignment_attempt=?,created_at=?,driver_id=?,drop_address=?,idempotency_key=?,next_assignment_at=?,pickup=?,status=?,updated_at=?,user_id=?,vehicle_type=?,version=? where id=? and version=?
Hibernate: select bdo1_0.id,bdo1_0.booking_id,bdo1_0.driver_id,bdo1_0.external_offer_id,bdo1_0.offered_at,bdo1_0.status,bdo1_0.updated_at,bdo1_0.version from booking_driver_offers bdo1_0 where bdo1_0.booking_id=? order by bdo1_0.offered_at desc fetch first ? rows only
]]></system-out>
  </testcase>
  <testcase name="attemptAssignmentMarksBookingAssignedWhenDriverAccepts" classname="com.porterlike.services.booking.service.BookingAssignmentIntegrationTest" time="0.02">
    <system-out><![CDATA[Hibernate: insert into bookings (assignment_attempt,created_at,driver_id,drop_address,idempotency_key,next_assignment_at,pickup,status,updated_at,user_id,vehicle_type,version,id) values (?,?,?,?,?,?,?,?,?,?,?,?,?)
Hibernate: insert into booking_driver_offers (booking_id,driver_id,external_offer_id,offered_at,status,updated_at,version,id) values (?,?,?,?,?,?,?,?)
Hibernate: select b1_0.id,b1_0.assignment_attempt,b1_0.created_at,b1_0.driver_id,b1_0.drop_address,b1_0.idempotency_key,b1_0.next_assignment_at,b1_0.pickup,b1_0.status,b1_0.updated_at,b1_0.user_id,b1_0.vehicle_type,b1_0.version from bookings b1_0 where b1_0.id=? for update
Hibernate: select bdo1_0.id,bdo1_0.booking_id,bdo1_0.driver_id,bdo1_0.external_offer_id,bdo1_0.offered_at,bdo1_0.status,bdo1_0.updated_at,bdo1_0.version from booking_driver_offers bdo1_0 where bdo1_0.booking_id=? order by bdo1_0.offered_at desc fetch first ? rows only
Hibernate: update bookings set assignment_attempt=?,created_at=?,driver_id=?,drop_address=?,idempotency_key=?,next_assignment_at=?,pickup=?,status=?,updated_at=?,user_id=?,vehicle_type=?,version=? where id=? and version=?
Hibernate: update booking_driver_offers set booking_id=?,driver_id=?,external_offer_id=?,offered_at=?,status=?,updated_at=?,version=? where id=? and version=?
Hibernate: select bdo1_0.id,bdo1_0.booking_id,bdo1_0.driver_id,bdo1_0.external_offer_id,bdo1_0.offered_at,bdo1_0.status,bdo1_0.updated_at,bdo1_0.version from booking_driver_offers bdo1_0 where bdo1_0.booking_id=? order by bdo1_0.offered_at desc fetch first ? rows only
]]></system-out>
  </testcase>
  <testcase name="assignmentSchedulerReschedulesRejectedOfferForRetry" classname="com.porterlike.services.booking.service.BookingAssignmentIntegrationTest" time="0.01">
    <system-out><![CDATA[Hibernate: insert into bookings (assignment_attempt,created_at,driver_id,drop_address,idempotency_key,next_assignment_at,pickup,status,updated_at,user_id,vehicle_type,version,id) values (?,?,?,?,?,?,?,?,?,?,?,?,?)
Hibernate: insert into booking_driver_offers (booking_id,driver_id,external_offer_id,offered_at,status,updated_at,version,id) values (?,?,?,?,?,?,?,?)
Hibernate: select b1_0.id from bookings b1_0 where b1_0.status=? and (b1_0.next_assignment_at is null or b1_0.next_assignment_at<=?) order by b1_0.created_at
Hibernate: select b1_0.id,b1_0.assignment_attempt,b1_0.created_at,b1_0.driver_id,b1_0.drop_address,b1_0.idempotency_key,b1_0.next_assignment_at,b1_0.pickup,b1_0.status,b1_0.updated_at,b1_0.user_id,b1_0.vehicle_type,b1_0.version from bookings b1_0 where b1_0.id=? for update
Hibernate: select bdo1_0.id,bdo1_0.booking_id,bdo1_0.driver_id,bdo1_0.external_offer_id,bdo1_0.offered_at,bdo1_0.status,bdo1_0.updated_at,bdo1_0.version from booking_driver_offers bdo1_0 where bdo1_0.booking_id=? order by bdo1_0.offered_at desc fetch first ? rows only
Hibernate: update bookings set assignment_attempt=?,created_at=?,driver_id=?,drop_address=?,idempotency_key=?,next_assignment_at=?,pickup=?,status=?,updated_at=?,user_id=?,vehicle_type=?,version=? where id=? and version=?
Hibernate: update booking_driver_offers set booking_id=?,driver_id=?,external_offer_id=?,offered_at=?,status=?,updated_at=?,version=? where id=? and version=?
Hibernate: select bdo1_0.id,bdo1_0.booking_id,bdo1_0.driver_id,bdo1_0.external_offer_id,bdo1_0.offered_at,bdo1_0.status,bdo1_0.updated_at,bdo1_0.version from booking_driver_offers bdo1_0 where bdo1_0.booking_id=? order by bdo1_0.offered_at desc fetch first ? rows only
]]></system-out>
  </testcase>
</testsuite>